{
  "stats": {
    "suites": 1,
    "tests": 4,
    "passes": 4,
    "pending": 0,
    "failures": 0,
    "start": "2025-06-24T00:50:37.184Z",
    "end": "2025-06-24T00:50:56.008Z",
    "duration": 18824,
    "testsRegistered": 4,
    "passPercent": 100,
    "pendingPercent": 0,
    "other": 0,
    "hasOther": false,
    "skipped": 0,
    "hasSkipped": false
  },
  "results": [
    {
      "uuid": "956e9911-ecfc-424f-9971-fca2b26ca567",
      "title": "",
      "fullFile": "C:\\Users\\henun\\Sesi10_Hendra\\tests\\test_hooks.js",
      "file": "\\tests\\test_hooks.js",
      "beforeHooks": [],
      "afterHooks": [],
      "tests": [],
      "suites": [
        {
          "uuid": "34280d02-e186-4991-88dc-197ec4faf6d9",
          "title": "Google Search Test",
          "fullFile": "C:\\Users\\henun\\Sesi10_Hendra\\tests\\test_hooks.js",
          "file": "\\tests\\test_hooks.js",
          "beforeHooks": [
            {
              "title": "\"before each\" hook in \"Google Search Test\"",
              "fullTitle": "Google Search Test \"before each\" hook in \"Google Search Test\"",
              "timedOut": false,
              "duration": 3295,
              "state": null,
              "speed": null,
              "pass": false,
              "fail": false,
              "pending": false,
              "context": null,
              "code": "console.log('Ini beforeEach() hook: Membuka URL');\nconst options = new chrome.Options();\noptions.addArguments('--incognito'); \ndriver = await new Builder()\n    .forBrowser('chrome')\n    .setChromeOptions(options)\n    .build();\nawait driver.get('https://www.saucedemo.com');",
              "err": {},
              "uuid": "c8a509d2-f0cd-4143-aadb-d82db039b495",
              "parentUUID": "34280d02-e186-4991-88dc-197ec4faf6d9",
              "isHook": true,
              "skipped": false
            }
          ],
          "afterHooks": [
            {
              "title": "\"after each\" hook in \"Google Search Test\"",
              "fullTitle": "Google Search Test \"after each\" hook in \"Google Search Test\"",
              "timedOut": false,
              "duration": 902,
              "state": null,
              "speed": null,
              "pass": false,
              "fail": false,
              "pending": false,
              "context": null,
              "code": "console.log('Ini afterEach() hook: Menutup driver');\nawait driver.sleep(750);       \nawait driver.quit();",
              "err": {},
              "uuid": "f3b13a0a-91cc-4f32-8f8e-287578d1aff9",
              "parentUUID": "34280d02-e186-4991-88dc-197ec4faf6d9",
              "isHook": true,
              "skipped": false
            }
          ],
          "tests": [
            {
              "title": "Test Case 1 - Web Address",
              "fullTitle": "Google Search Test Test Case 1 - Web Address",
              "timedOut": false,
              "duration": 9,
              "state": "passed",
              "speed": "fast",
              "pass": true,
              "fail": false,
              "pending": false,
              "context": null,
              "code": "const title = await driver.getTitle();\nassert.strictEqual(title,'Swag Labs');",
              "err": {},
              "uuid": "b06d7f6a-bfd6-4f44-ad49-e92609df8eed",
              "parentUUID": "34280d02-e186-4991-88dc-197ec4faf6d9",
              "isHook": false,
              "skipped": false
            },
            {
              "title": "Test Case 2 - Login Negative Test Case",
              "fullTitle": "Google Search Test Test Case 2 - Login Negative Test Case",
              "timedOut": false,
              "duration": 512,
              "state": "passed",
              "speed": "slow",
              "pass": true,
              "fail": false,
              "pending": false,
              "context": null,
              "code": "let inputUsername = await driver.findElement(By.css('[data-test=\"username\"]'))\nlet inputPassword = await driver.findElement(By.xpath('//*[@data-test=\"password\"]'))\nlet buttonLogin = await driver.findElement(By.className('submit-button btn_action')) \nawait inputUsername.sendKeys('standard_us')\nawait inputPassword.sendKeys('secret_sauce')\nawait buttonLogin.click()\n    let errorMessageElement = await driver.wait(until.elementLocated(By.css('[data-test=\"error\"]')), 2000);\n    let actualErrorMessage = await errorMessageElement.getText();\n    assert.strictEqual(actualErrorMessage, 'Epic sadface: Username and password do not match any user in this service', 'Pesan error tidak sesuai');",
              "err": {},
              "uuid": "e3608df2-e8b9-41ea-8bcf-22d22f35ee10",
              "parentUUID": "34280d02-e186-4991-88dc-197ec4faf6d9",
              "isHook": false,
              "skipped": false
            },
            {
              "title": "Test Case 3 - Login Positive Test Case",
              "fullTitle": "Google Search Test Test Case 3 - Login Positive Test Case",
              "timedOut": false,
              "duration": 518,
              "state": "passed",
              "speed": "slow",
              "pass": true,
              "fail": false,
              "pending": false,
              "context": null,
              "code": "let inputUsername = await driver.findElement(By.css('[data-test=\"username\"]')) \nlet inputPassword = await driver.findElement(By.xpath('//*[@data-test=\"password\"]'))\nlet buttonLogin = await driver.findElement(By.className('submit-button btn_action'))\nawait inputUsername.sendKeys('standard_user')\nawait inputPassword.sendKeys('secret_sauce')\nawait buttonLogin.click()\nawait driver.wait(until.urlContains('/inventory.html'), 2000, 'Login failed: did not redirect to inventory page within 2 seconds.');\n    let pageTitle = await driver.getTitle();\n    assert.strictEqual(pageTitle, 'Swag Labs', 'Page title should be \"Swag Labs\" after successful login.');\n    console.log('Login berhasil dan halaman \"Swag Labs\" terbuka.');",
              "err": {},
              "uuid": "180f43af-a612-44fd-8113-4fad77a084b1",
              "parentUUID": "34280d02-e186-4991-88dc-197ec4faf6d9",
              "isHook": false,
              "skipped": false
            },
            {
              "title": "Test Case 4 - Sort Product Z - A",
              "fullTitle": "Google Search Test Test Case 4 - Sort Product Z - A",
              "timedOut": false,
              "duration": 606,
              "state": "passed",
              "speed": "slow",
              "pass": true,
              "fail": false,
              "pending": false,
              "context": null,
              "code": "let inputUsername = await driver.findElement(By.css('[data-test=\"username\"]'))\nlet inputPassword = await driver.findElement(By.xpath('//*[@data-test=\"password\"]'))\nlet buttonLogin = await driver.findElement(By.className('submit-button btn_action'))\nawait inputUsername.sendKeys('standard_user')\nawait inputPassword.sendKeys('secret_sauce')\nawait buttonLogin.click()\n    await driver.wait(until.urlContains('/inventory.html'), 2000, 'Login failed within 2 seconds.');\n    let pageTitle = await driver.getTitle();\n    assert.strictEqual(pageTitle, 'Swag Labs', 'Page title \"Swag Labs\" after successful login.');\n    console.log('Login berhasil');\n        const optionZa = await driver.findElement(By.xpath(\"//select[@class='product_sort_container']/option[@value='za']\"));\n        await optionZa.click();\n        let product_sort_container = await driver.findElement(By.xpath('//div[normalize-space()=\"Test.allTheThings() T-Shirt (Red)\"]'));\n            let isProductDisplayed = await product_sort_container.isDisplayed();\n            assert.strictEqual(isProductDisplayed, true, 'The \"Test.allTheThings() T-Shirt (Red)\" product should be displayed.');\n            console.log('Berhasil sort produk \"Name (Z to A)\".');",
              "err": {},
              "uuid": "a1fff0ed-5f20-458f-a7f2-2e53242591d6",
              "parentUUID": "34280d02-e186-4991-88dc-197ec4faf6d9",
              "isHook": false,
              "skipped": false
            }
          ],
          "suites": [],
          "passes": [
            "b06d7f6a-bfd6-4f44-ad49-e92609df8eed",
            "e3608df2-e8b9-41ea-8bcf-22d22f35ee10",
            "180f43af-a612-44fd-8113-4fad77a084b1",
            "a1fff0ed-5f20-458f-a7f2-2e53242591d6"
          ],
          "failures": [],
          "pending": [],
          "skipped": [],
          "duration": 1645,
          "root": false,
          "rootEmpty": false,
          "_timeout": 60000
        }
      ],
      "passes": [],
      "failures": [],
      "pending": [],
      "skipped": [],
      "duration": 0,
      "root": true,
      "rootEmpty": true,
      "_timeout": 60000
    }
  ],
  "meta": {
    "mocha": {
      "version": "10.8.2"
    },
    "mochawesome": {
      "options": {
        "quiet": false,
        "reportFilename": "mochawesome",
        "saveHtml": true,
        "saveJson": true,
        "consoleReporter": "spec",
        "useInlineDiffs": false,
        "code": true
      },
      "version": "7.1.3"
    },
    "marge": {
      "options": null,
      "version": "6.2.0"
    }
  }
}